{"contracts/Cryptoknowmics.sol":{"l":{"24":1,"25":1,"26":1,"27":1,"28":1,"40":27,"41":27,"42":27,"43":27,"44":27,"51":0,"52":0,"53":0,"54":0,"55":0,"56":0,"61":29,"65":0,"66":0,"67":0,"71":0,"81":0},"path":"/home/abhi/Projects/Cryptoknowmics/contracts/Cryptoknowmics.sol","s":{"1":1,"2":1,"3":1,"4":1,"5":1,"6":27,"7":27,"8":27,"9":27,"10":27,"11":0,"12":0,"13":0,"14":0,"15":0,"16":0,"17":0,"18":0,"19":29,"20":0,"21":0,"22":0,"23":0,"24":0},"b":{"1":[27,0],"2":[0,0]},"f":{"1":1,"2":27,"3":0,"4":29,"5":0,"6":0,"7":0},"fnMap":{"1":{"name":null,"line":19,"loc":{"start":{"line":19,"column":4},"end":{"line":23,"column":17}}},"2":{"name":"transfer","line":35,"loc":{"start":{"line":35,"column":4},"end":{"line":35,"column":78}}},"3":{"name":"transferFrom","line":48,"loc":{"start":{"line":48,"column":4},"end":{"line":48,"column":97}}},"4":{"name":"balanceOf","line":60,"loc":{"start":{"line":60,"column":4},"end":{"line":60,"column":74}}},"5":{"name":"approve","line":64,"loc":{"start":{"line":64,"column":4},"end":{"line":64,"column":82}}},"6":{"name":"allowance","line":70,"loc":{"start":{"line":70,"column":4},"end":{"line":70,"column":94}}},"7":{"name":null,"line":79,"loc":{"start":{"line":79,"column":4},"end":{"line":79,"column":21}}}},"statementMap":{"1":{"start":{"line":24,"column":8},"end":{"line":24,"column":50}},"2":{"start":{"line":25,"column":8},"end":{"line":25,"column":42}},"3":{"start":{"line":26,"column":8},"end":{"line":26,"column":24}},"4":{"start":{"line":27,"column":8},"end":{"line":27,"column":31}},"5":{"start":{"line":28,"column":8},"end":{"line":28,"column":28}},"6":{"start":{"line":40,"column":8},"end":{"line":40,"column":2079}},"7":{"start":{"line":41,"column":12},"end":{"line":41,"column":41}},"8":{"start":{"line":42,"column":12},"end":{"line":42,"column":34}},"9":{"start":{"line":43,"column":12},"end":{"line":43,"column":50}},"10":{"start":{"line":44,"column":12},"end":{"line":44,"column":23}},"11":{"start":{"line":45,"column":17},"end":{"line":45,"column":29}},"12":{"start":{"line":51,"column":8},"end":{"line":51,"column":2673}},"13":{"start":{"line":52,"column":12},"end":{"line":52,"column":34}},"14":{"start":{"line":53,"column":12},"end":{"line":53,"column":36}},"15":{"start":{"line":54,"column":12},"end":{"line":54,"column":47}},"16":{"start":{"line":55,"column":12},"end":{"line":55,"column":45}},"17":{"start":{"line":56,"column":12},"end":{"line":56,"column":23}},"18":{"start":{"line":57,"column":17},"end":{"line":57,"column":29}},"19":{"start":{"line":61,"column":8},"end":{"line":61,"column":31}},"20":{"start":{"line":65,"column":8},"end":{"line":65,"column":45}},"21":{"start":{"line":66,"column":8},"end":{"line":66,"column":51}},"22":{"start":{"line":67,"column":8},"end":{"line":67,"column":19}},"23":{"start":{"line":71,"column":6},"end":{"line":71,"column":38}},"24":{"start":{"line":81,"column":8},"end":{"line":81,"column":15}}},"branchMap":{"1":{"line":40,"type":"if","locations":[{"start":{"line":40,"column":8},"end":{"line":40,"column":8}},{"start":{"line":40,"column":8},"end":{"line":40,"column":8}}]},"2":{"line":51,"type":"if","locations":[{"start":{"line":51,"column":8},"end":{"line":51,"column":8}},{"start":{"line":51,"column":8},"end":{"line":51,"column":8}}]}}},"contracts/Vesting.sol":{"l":{"17":1,"21":62,"22":32,"29":56,"30":56,"33":25,"34":25,"37":27,"38":27,"41":26,"42":26,"124":1,"130":1,"131":1,"132":1,"133":1,"134":1,"136":1,"137":1,"139":1,"140":1,"141":1,"142":1,"151":1,"152":1,"153":1,"155":1,"156":1,"159":1,"160":1,"162":1,"163":1,"164":1,"171":1,"172":1,"173":1,"174":1,"176":1,"177":1,"178":1,"185":1,"186":1,"187":1,"188":1,"189":1,"191":1,"192":1,"194":1,"195":1,"196":1,"203":1,"204":1,"205":1,"207":1,"208":1,"209":1,"215":1,"216":1,"217":1,"218":1,"221":1,"222":1,"224":1,"225":1,"226":1,"236":8,"237":8,"238":8,"240":8,"242":1,"243":1,"244":1,"245":1,"247":1,"248":1,"249":1,"250":1,"251":1,"256":1,"257":1,"258":1,"259":1,"261":1,"262":1,"263":1,"264":1,"265":1,"269":1,"270":1,"271":1,"272":1,"274":1,"275":1,"276":1,"277":1,"278":1,"284":1,"285":1,"286":1,"287":1,"289":1,"290":1,"291":1,"292":1,"293":1,"300":1,"301":1,"302":1,"303":1,"305":1,"306":1,"307":1,"308":1,"309":1,"315":1,"316":1,"317":1,"318":1,"320":1,"321":1,"322":1,"323":1,"324":1,"329":1,"330":1,"331":1,"332":1,"334":1,"335":1,"336":1,"337":1,"338":1,"344":1,"345":1,"346":1,"347":1,"349":1,"350":1,"351":1,"352":1,"353":1,"357":0,"365":4,"366":4,"367":4,"368":4,"371":4,"374":1,"376":1,"377":1,"378":1,"379":1,"380":1,"381":1,"382":1,"383":1,"389":1,"391":1,"392":1,"394":1,"395":1,"396":1,"397":1,"398":1,"404":1,"406":1,"407":1,"409":1,"410":1,"411":1,"412":1,"413":1,"419":1,"421":1,"422":1,"424":1,"425":1,"426":1,"427":1,"428":1,"432":0,"440":1,"441":1,"442":1,"443":1,"444":1,"445":1,"453":12,"454":12,"456":12,"458":12,"461":1,"462":1,"463":1,"465":1,"467":1,"468":1,"469":1,"470":1,"471":1,"478":1,"479":1,"481":1,"483":1,"484":1,"485":1,"486":1,"488":1,"495":1,"496":1,"498":1,"500":1,"501":1,"502":1,"503":1,"505":1,"510":1,"511":1,"513":1,"515":1,"516":1,"517":1,"518":1,"520":1,"526":1,"527":1,"529":1,"531":1,"532":1,"533":1,"534":1,"536":1,"541":1,"542":1,"544":1,"546":1,"547":1,"548":1,"549":1,"551":1,"556":1,"557":1,"559":1,"561":1,"562":1,"563":1,"564":1,"566":1,"571":1,"572":1,"574":1,"576":1,"577":1,"578":1,"579":1,"581":1,"587":1,"588":1,"590":1,"592":1,"593":1,"594":1,"595":1,"597":1,"602":3,"603":1,"605":1,"607":1,"608":1,"609":1,"610":1,"612":1,"616":0,"622":1,"624":1},"path":"/home/abhi/Projects/Cryptoknowmics/contracts/Vesting.sol","s":{"1":1,"2":62,"3":56,"4":56,"5":25,"6":25,"7":27,"8":27,"9":26,"10":26,"11":1,"12":1,"13":1,"14":1,"15":1,"16":1,"17":1,"18":1,"19":1,"20":1,"21":1,"22":1,"23":1,"24":1,"25":1,"26":1,"27":1,"28":1,"29":1,"30":1,"31":1,"32":1,"33":1,"34":1,"35":1,"36":1,"37":1,"38":1,"39":1,"40":1,"41":1,"42":1,"43":1,"44":1,"45":1,"46":1,"47":1,"48":1,"49":1,"50":1,"51":1,"52":1,"53":1,"54":1,"55":1,"56":1,"57":1,"58":1,"59":1,"60":1,"61":1,"62":1,"63":1,"64":1,"65":8,"66":8,"67":8,"68":1,"69":1,"70":1,"71":1,"72":1,"73":1,"74":1,"75":1,"76":1,"77":7,"78":1,"79":1,"80":1,"81":1,"82":1,"83":1,"84":1,"85":1,"86":1,"87":6,"88":1,"89":1,"90":1,"91":1,"92":1,"93":1,"94":1,"95":1,"96":1,"97":5,"98":1,"99":1,"100":1,"101":1,"102":1,"103":1,"104":1,"105":1,"106":1,"107":4,"108":1,"109":1,"110":1,"111":1,"112":1,"113":1,"114":1,"115":1,"116":1,"117":3,"118":1,"119":1,"120":1,"121":1,"122":1,"123":1,"124":1,"125":1,"126":1,"127":2,"128":1,"129":1,"130":1,"131":1,"132":1,"133":1,"134":1,"135":1,"136":1,"137":1,"138":1,"139":1,"140":1,"141":1,"142":1,"143":1,"144":1,"145":1,"146":1,"147":0,"148":4,"149":4,"150":4,"151":4,"152":1,"153":1,"154":1,"155":1,"156":1,"157":1,"158":1,"159":1,"160":1,"161":3,"162":1,"163":1,"164":1,"165":1,"166":1,"167":1,"168":1,"169":1,"170":2,"171":1,"172":1,"173":1,"174":1,"175":1,"176":1,"177":1,"178":1,"179":1,"180":1,"181":1,"182":1,"183":1,"184":1,"185":1,"186":1,"187":0,"188":1,"189":1,"190":1,"191":1,"192":1,"193":12,"194":12,"195":12,"196":1,"197":1,"198":1,"199":1,"200":1,"201":1,"202":1,"203":1,"204":1,"205":11,"206":1,"207":1,"208":1,"209":1,"210":1,"211":1,"212":1,"213":1,"214":10,"215":1,"216":1,"217":1,"218":1,"219":1,"220":1,"221":1,"222":1,"223":9,"224":1,"225":1,"226":1,"227":1,"228":1,"229":1,"230":1,"231":1,"232":8,"233":1,"234":1,"235":1,"236":1,"237":1,"238":1,"239":1,"240":1,"241":7,"242":1,"243":1,"244":1,"245":1,"246":1,"247":1,"248":1,"249":1,"250":6,"251":1,"252":1,"253":1,"254":1,"255":1,"256":1,"257":1,"258":1,"259":5,"260":1,"261":1,"262":1,"263":1,"264":1,"265":1,"266":1,"267":1,"268":4,"269":1,"270":1,"271":1,"272":1,"273":1,"274":1,"275":1,"276":1,"277":3,"278":3,"279":1,"280":1,"281":1,"282":1,"283":1,"284":1,"285":1,"286":0,"287":1,"288":1},"b":{"1":[32,30],"2":[56,0],"3":[25,0],"4":[27,0],"5":[26,0],"6":[1,0],"7":[1,0],"8":[1,0],"9":[1,0],"10":[1,0],"11":[1,0],"12":[1,0],"13":[1,0],"14":[1,0],"15":[1,0],"16":[1,0],"17":[1,0],"18":[1,0],"19":[1,0],"20":[1,0],"21":[1,0],"22":[1,0],"23":[1,0],"24":[1,0],"25":[1,0],"26":[1,0],"27":[1,0],"28":[1,0],"29":[1,0],"30":[1,0],"31":[1,0],"32":[1,0],"33":[1,0],"34":[8,0],"35":[8,0],"36":[1,7],"37":[1,0],"38":[1,0],"39":[1,0],"40":[1,0],"41":[1,0],"42":[1,6],"43":[1,0],"44":[1,0],"45":[1,0],"46":[1,0],"47":[1,0],"48":[1,5],"49":[1,0],"50":[1,0],"51":[1,0],"52":[1,0],"53":[1,0],"54":[1,4],"55":[1,0],"56":[1,0],"57":[1,0],"58":[1,0],"59":[1,0],"60":[1,3],"61":[1,0],"62":[1,0],"63":[1,0],"64":[1,0],"65":[1,0],"66":[1,2],"67":[1,0],"68":[1,0],"69":[1,0],"70":[1,0],"71":[1,0],"72":[1,1],"73":[1,0],"74":[1,0],"75":[1,0],"76":[1,0],"77":[1,0],"78":[1,0],"79":[1,0],"80":[1,0],"81":[1,0],"82":[1,0],"83":[1,0],"84":[4,0],"85":[4,0],"86":[1,3],"87":[1,0],"88":[1,0],"89":[1,0],"90":[1,0],"91":[1,0],"92":[1,2],"93":[1,0],"94":[1,0],"95":[1,0],"96":[1,0],"97":[1,1],"98":[1,0],"99":[1,0],"100":[1,0],"101":[1,0],"102":[1,0],"103":[1,0],"104":[1,0],"105":[1,0],"106":[1,0],"107":[1,0],"108":[1,0],"109":[1,0],"110":[1,0],"111":[1,0],"112":[12,0],"113":[12,0],"114":[1,11],"115":[1,0],"116":[1,0],"117":[1,0],"118":[1,0],"119":[1,0],"120":[1,10],"121":[1,0],"122":[1,0],"123":[1,0],"124":[1,0],"125":[1,9],"126":[1,0],"127":[1,0],"128":[1,0],"129":[1,0],"130":[1,8],"131":[1,0],"132":[1,0],"133":[1,0],"134":[1,0],"135":[1,7],"136":[1,0],"137":[1,0],"138":[1,0],"139":[1,0],"140":[1,6],"141":[1,0],"142":[1,0],"143":[1,0],"144":[1,0],"145":[1,5],"146":[1,0],"147":[1,0],"148":[1,0],"149":[1,0],"150":[1,4],"151":[1,0],"152":[1,0],"153":[1,0],"154":[1,0],"155":[1,3],"156":[1,0],"157":[1,0],"158":[1,0],"159":[1,0],"160":[3,0],"161":[1,2],"162":[1,0],"163":[1,0],"164":[1,0],"165":[1,0]},"f":{"1":1,"2":62,"3":56,"4":25,"5":27,"6":26,"7":1,"8":1,"9":1,"10":1,"11":1,"12":1,"13":1,"14":8,"15":4,"16":1,"17":12,"18":1},"fnMap":{"1":{"name":null,"line":16,"loc":{"start":{"line":16,"column":4},"end":{"line":16,"column":36}}},"2":{"name":"onlyOwner","line":20,"loc":{"start":{"line":20,"column":4},"end":{"line":20,"column":20}}},"3":{"name":"add","line":28,"loc":{"start":{"line":28,"column":4},"end":{"line":28,"column":67}}},"4":{"name":"sub","line":32,"loc":{"start":{"line":32,"column":4},"end":{"line":32,"column":67}}},"5":{"name":"mul","line":36,"loc":{"start":{"line":36,"column":4},"end":{"line":36,"column":67}}},"6":{"name":"div","line":40,"loc":{"start":{"line":40,"column":4},"end":{"line":40,"column":67}}},"7":{"name":null,"line":123,"loc":{"start":{"line":123,"column":4},"end":{"line":123,"column":60}}},"8":{"name":"lockTeamTokens","line":128,"loc":{"start":{"line":128,"column":2},"end":{"line":128,"column":83}}},"9":{"name":"lockContentTokens","line":149,"loc":{"start":{"line":149,"column":2},"end":{"line":149,"column":86}}},"10":{"name":"sendStratergicTokens","line":169,"loc":{"start":{"line":169,"column":2},"end":{"line":169,"column":89}}},"11":{"name":"lockBusinessTokens","line":183,"loc":{"start":{"line":183,"column":2},"end":{"line":183,"column":87}}},"12":{"name":"sendBountyTokens","line":201,"loc":{"start":{"line":201,"column":2},"end":{"line":201,"column":85}}},"13":{"name":"lockAdvisorTokens","line":213,"loc":{"start":{"line":213,"column":2},"end":{"line":213,"column":86}}},"14":{"name":"releaseAdvisorTokens","line":234,"loc":{"start":{"line":234,"column":4},"end":{"line":234,"column":90}}},"15":{"name":"releaseTeamTokens","line":363,"loc":{"start":{"line":363,"column":4},"end":{"line":363,"column":87}}},"16":{"name":"releasebusinessTokens","line":438,"loc":{"start":{"line":438,"column":2},"end":{"line":438,"column":74}}},"17":{"name":"releaseContentTokens","line":450,"loc":{"start":{"line":450,"column":4},"end":{"line":450,"column":90}}},"18":{"name":"transferAnyERC20Token","line":621,"loc":{"start":{"line":621,"column":4},"end":{"line":621,"column":109}}}},"statementMap":{"1":{"start":{"line":17,"column":8},"end":{"line":17,"column":21}},"2":{"start":{"line":21,"column":8},"end":{"line":21,"column":35}},"3":{"start":{"line":29,"column":8},"end":{"line":29,"column":16}},"4":{"start":{"line":30,"column":8},"end":{"line":30,"column":22}},"5":{"start":{"line":33,"column":8},"end":{"line":33,"column":22}},"6":{"start":{"line":34,"column":8},"end":{"line":34,"column":16}},"7":{"start":{"line":37,"column":8},"end":{"line":37,"column":16}},"8":{"start":{"line":38,"column":8},"end":{"line":38,"column":36}},"9":{"start":{"line":41,"column":8},"end":{"line":41,"column":21}},"10":{"start":{"line":42,"column":8},"end":{"line":42,"column":16}},"11":{"start":{"line":124,"column":6},"end":{"line":124,"column":19}},"12":{"start":{"line":130,"column":6},"end":{"line":130,"column":40}},"13":{"start":{"line":131,"column":6},"end":{"line":131,"column":25}},"14":{"start":{"line":132,"column":6},"end":{"line":132,"column":38}},"15":{"start":{"line":133,"column":6},"end":{"line":133,"column":67}},"16":{"start":{"line":134,"column":6},"end":{"line":134,"column":71}},"17":{"start":{"line":136,"column":6},"end":{"line":136,"column":60}},"18":{"start":{"line":137,"column":6},"end":{"line":137,"column":52}},"19":{"start":{"line":139,"column":6},"end":{"line":139,"column":62}},"20":{"start":{"line":140,"column":6},"end":{"line":140,"column":50}},"21":{"start":{"line":141,"column":6},"end":{"line":141,"column":50}},"22":{"start":{"line":142,"column":6},"end":{"line":142,"column":52}},"23":{"start":{"line":151,"column":6},"end":{"line":151,"column":40}},"24":{"start":{"line":152,"column":6},"end":{"line":152,"column":25}},"25":{"start":{"line":153,"column":6},"end":{"line":153,"column":40}},"26":{"start":{"line":155,"column":6},"end":{"line":155,"column":81}},"27":{"start":{"line":156,"column":6},"end":{"line":156,"column":86}},"28":{"start":{"line":159,"column":6},"end":{"line":159,"column":74}},"29":{"start":{"line":160,"column":6},"end":{"line":160,"column":66}},"30":{"start":{"line":162,"column":6},"end":{"line":162,"column":77}},"31":{"start":{"line":163,"column":6},"end":{"line":163,"column":65}},"32":{"start":{"line":164,"column":6},"end":{"line":164,"column":65}},"33":{"start":{"line":171,"column":6},"end":{"line":171,"column":40}},"34":{"start":{"line":172,"column":6},"end":{"line":172,"column":25}},"35":{"start":{"line":173,"column":6},"end":{"line":173,"column":37}},"36":{"start":{"line":174,"column":6},"end":{"line":174,"column":75}},"37":{"start":{"line":176,"column":6},"end":{"line":176,"column":68}},"38":{"start":{"line":177,"column":6},"end":{"line":177,"column":60}},"39":{"start":{"line":178,"column":6},"end":{"line":178,"column":51}},"40":{"start":{"line":185,"column":6},"end":{"line":185,"column":40}},"41":{"start":{"line":186,"column":6},"end":{"line":186,"column":25}},"42":{"start":{"line":187,"column":6},"end":{"line":187,"column":40}},"43":{"start":{"line":188,"column":6},"end":{"line":188,"column":54}},"44":{"start":{"line":189,"column":6},"end":{"line":189,"column":81}},"45":{"start":{"line":191,"column":6},"end":{"line":191,"column":74}},"46":{"start":{"line":192,"column":6},"end":{"line":192,"column":66}},"47":{"start":{"line":194,"column":6},"end":{"line":194,"column":49}},"48":{"start":{"line":195,"column":6},"end":{"line":195,"column":50}},"49":{"start":{"line":196,"column":6},"end":{"line":196,"column":49}},"50":{"start":{"line":203,"column":6},"end":{"line":203,"column":40}},"51":{"start":{"line":204,"column":6},"end":{"line":204,"column":25}},"52":{"start":{"line":205,"column":6},"end":{"line":205,"column":73}},"53":{"start":{"line":207,"column":6},"end":{"line":207,"column":66}},"54":{"start":{"line":208,"column":6},"end":{"line":208,"column":58}},"55":{"start":{"line":209,"column":6},"end":{"line":209,"column":51}},"56":{"start":{"line":215,"column":6},"end":{"line":215,"column":40}},"57":{"start":{"line":216,"column":6},"end":{"line":216,"column":25}},"58":{"start":{"line":217,"column":6},"end":{"line":217,"column":69}},"59":{"start":{"line":218,"column":6},"end":{"line":218,"column":75}},"60":{"start":{"line":221,"column":6},"end":{"line":221,"column":62}},"61":{"start":{"line":222,"column":6},"end":{"line":222,"column":54}},"62":{"start":{"line":224,"column":6},"end":{"line":224,"column":66}},"63":{"start":{"line":225,"column":6},"end":{"line":225,"column":54}},"64":{"start":{"line":226,"column":6},"end":{"line":226,"column":54}},"65":{"start":{"line":236,"column":6},"end":{"line":236,"column":40}},"66":{"start":{"line":237,"column":6},"end":{"line":237,"column":75}},"67":{"start":{"line":240,"column":6},"end":{"line":240,"column":7488}},"68":{"start":{"line":242,"column":10},"end":{"line":242,"column":71}},"69":{"start":{"line":243,"column":10},"end":{"line":243,"column":59}},"70":{"start":{"line":244,"column":10},"end":{"line":244,"column":79}},"71":{"start":{"line":245,"column":10},"end":{"line":245,"column":70}},"72":{"start":{"line":247,"column":10},"end":{"line":247,"column":95}},"73":{"start":{"line":248,"column":10},"end":{"line":248,"column":142}},"74":{"start":{"line":249,"column":10},"end":{"line":249,"column":96}},"75":{"start":{"line":250,"column":10},"end":{"line":250,"column":58}},"76":{"start":{"line":251,"column":10},"end":{"line":251,"column":61}},"77":{"start":{"line":254,"column":12},"end":{"line":254,"column":8315}},"78":{"start":{"line":256,"column":10},"end":{"line":256,"column":71}},"79":{"start":{"line":257,"column":10},"end":{"line":257,"column":77}},"80":{"start":{"line":258,"column":10},"end":{"line":258,"column":80}},"81":{"start":{"line":259,"column":10},"end":{"line":259,"column":70}},"82":{"start":{"line":261,"column":10},"end":{"line":261,"column":102}},"83":{"start":{"line":262,"column":10},"end":{"line":262,"column":114}},"84":{"start":{"line":263,"column":10},"end":{"line":263,"column":96}},"85":{"start":{"line":264,"column":10},"end":{"line":264,"column":58}},"86":{"start":{"line":265,"column":10},"end":{"line":265,"column":61}},"87":{"start":{"line":267,"column":12},"end":{"line":267,"column":9148}},"88":{"start":{"line":269,"column":10},"end":{"line":269,"column":71}},"89":{"start":{"line":270,"column":10},"end":{"line":270,"column":77}},"90":{"start":{"line":271,"column":10},"end":{"line":271,"column":80}},"91":{"start":{"line":272,"column":10},"end":{"line":272,"column":70}},"92":{"start":{"line":274,"column":10},"end":{"line":274,"column":102}},"93":{"start":{"line":275,"column":10},"end":{"line":275,"column":114}},"94":{"start":{"line":276,"column":10},"end":{"line":276,"column":96}},"95":{"start":{"line":277,"column":10},"end":{"line":277,"column":58}},"96":{"start":{"line":278,"column":10},"end":{"line":278,"column":61}},"97":{"start":{"line":281,"column":12},"end":{"line":281,"column":9976}},"98":{"start":{"line":284,"column":10},"end":{"line":284,"column":71}},"99":{"start":{"line":285,"column":10},"end":{"line":285,"column":77}},"100":{"start":{"line":286,"column":10},"end":{"line":286,"column":80}},"101":{"start":{"line":287,"column":10},"end":{"line":287,"column":70}},"102":{"start":{"line":289,"column":10},"end":{"line":289,"column":102}},"103":{"start":{"line":290,"column":10},"end":{"line":290,"column":114}},"104":{"start":{"line":291,"column":10},"end":{"line":291,"column":96}},"105":{"start":{"line":292,"column":10},"end":{"line":292,"column":58}},"106":{"start":{"line":293,"column":10},"end":{"line":293,"column":61}},"107":{"start":{"line":297,"column":12},"end":{"line":297,"column":10837}},"108":{"start":{"line":300,"column":10},"end":{"line":300,"column":71}},"109":{"start":{"line":301,"column":10},"end":{"line":301,"column":77}},"110":{"start":{"line":302,"column":10},"end":{"line":302,"column":80}},"111":{"start":{"line":303,"column":10},"end":{"line":303,"column":70}},"112":{"start":{"line":305,"column":10},"end":{"line":305,"column":102}},"113":{"start":{"line":306,"column":10},"end":{"line":306,"column":114}},"114":{"start":{"line":307,"column":10},"end":{"line":307,"column":96}},"115":{"start":{"line":308,"column":10},"end":{"line":308,"column":58}},"116":{"start":{"line":309,"column":10},"end":{"line":309,"column":61}},"117":{"start":{"line":312,"column":12},"end":{"line":312,"column":11667}},"118":{"start":{"line":315,"column":10},"end":{"line":315,"column":71}},"119":{"start":{"line":316,"column":10},"end":{"line":316,"column":77}},"120":{"start":{"line":317,"column":10},"end":{"line":317,"column":80}},"121":{"start":{"line":318,"column":10},"end":{"line":318,"column":70}},"122":{"start":{"line":320,"column":10},"end":{"line":320,"column":102}},"123":{"start":{"line":321,"column":10},"end":{"line":321,"column":114}},"124":{"start":{"line":322,"column":10},"end":{"line":322,"column":96}},"125":{"start":{"line":323,"column":10},"end":{"line":323,"column":58}},"126":{"start":{"line":324,"column":10},"end":{"line":324,"column":61}},"127":{"start":{"line":326,"column":12},"end":{"line":326,"column":12516}},"128":{"start":{"line":329,"column":10},"end":{"line":329,"column":71}},"129":{"start":{"line":330,"column":10},"end":{"line":330,"column":100}},"130":{"start":{"line":331,"column":10},"end":{"line":331,"column":100}},"131":{"start":{"line":332,"column":10},"end":{"line":332,"column":108}},"132":{"start":{"line":334,"column":10},"end":{"line":334,"column":102}},"133":{"start":{"line":335,"column":10},"end":{"line":335,"column":114}},"134":{"start":{"line":336,"column":10},"end":{"line":336,"column":148}},"135":{"start":{"line":337,"column":10},"end":{"line":337,"column":58}},"136":{"start":{"line":338,"column":10},"end":{"line":338,"column":83}},"137":{"start":{"line":341,"column":12},"end":{"line":341,"column":13511}},"138":{"start":{"line":344,"column":10},"end":{"line":344,"column":71}},"139":{"start":{"line":345,"column":10},"end":{"line":345,"column":100}},"140":{"start":{"line":346,"column":10},"end":{"line":346,"column":100}},"141":{"start":{"line":347,"column":10},"end":{"line":347,"column":108}},"142":{"start":{"line":349,"column":10},"end":{"line":349,"column":102}},"143":{"start":{"line":350,"column":10},"end":{"line":350,"column":114}},"144":{"start":{"line":351,"column":10},"end":{"line":351,"column":148}},"145":{"start":{"line":352,"column":10},"end":{"line":352,"column":58}},"146":{"start":{"line":353,"column":10},"end":{"line":353,"column":83}},"147":{"start":{"line":357,"column":10},"end":{"line":357,"column":17}},"148":{"start":{"line":365,"column":6},"end":{"line":365,"column":36}},"149":{"start":{"line":367,"column":6},"end":{"line":367,"column":70}},"150":{"start":{"line":368,"column":6},"end":{"line":368,"column":104}},"151":{"start":{"line":371,"column":6},"end":{"line":371,"column":14892}},"152":{"start":{"line":374,"column":10},"end":{"line":374,"column":67}},"153":{"start":{"line":376,"column":10},"end":{"line":376,"column":80}},"154":{"start":{"line":377,"column":10},"end":{"line":377,"column":66}},"155":{"start":{"line":378,"column":10},"end":{"line":378,"column":75}},"156":{"start":{"line":379,"column":10},"end":{"line":379,"column":87}},"157":{"start":{"line":380,"column":10},"end":{"line":380,"column":130}},"158":{"start":{"line":381,"column":10},"end":{"line":381,"column":134}},"159":{"start":{"line":382,"column":10},"end":{"line":382,"column":55}},"160":{"start":{"line":383,"column":10},"end":{"line":383,"column":85}},"161":{"start":{"line":386,"column":12},"end":{"line":386,"column":15772}},"162":{"start":{"line":389,"column":10},"end":{"line":389,"column":67}},"163":{"start":{"line":391,"column":10},"end":{"line":391,"column":130}},"164":{"start":{"line":392,"column":10},"end":{"line":392,"column":66}},"165":{"start":{"line":394,"column":10},"end":{"line":394,"column":63}},"166":{"start":{"line":395,"column":10},"end":{"line":395,"column":64}},"167":{"start":{"line":396,"column":10},"end":{"line":396,"column":113}},"168":{"start":{"line":397,"column":10},"end":{"line":397,"column":55}},"169":{"start":{"line":398,"column":10},"end":{"line":398,"column":61}},"170":{"start":{"line":401,"column":12},"end":{"line":401,"column":16486}},"171":{"start":{"line":404,"column":10},"end":{"line":404,"column":67}},"172":{"start":{"line":406,"column":10},"end":{"line":406,"column":119}},"173":{"start":{"line":407,"column":10},"end":{"line":407,"column":68}},"174":{"start":{"line":409,"column":10},"end":{"line":409,"column":63}},"175":{"start":{"line":410,"column":10},"end":{"line":410,"column":57}},"176":{"start":{"line":411,"column":10},"end":{"line":411,"column":111}},"177":{"start":{"line":412,"column":10},"end":{"line":412,"column":57}},"178":{"start":{"line":413,"column":10},"end":{"line":413,"column":61}},"179":{"start":{"line":416,"column":12},"end":{"line":416,"column":17194}},"180":{"start":{"line":419,"column":10},"end":{"line":419,"column":67}},"181":{"start":{"line":421,"column":10},"end":{"line":421,"column":94}},"182":{"start":{"line":422,"column":10},"end":{"line":422,"column":67}},"183":{"start":{"line":424,"column":10},"end":{"line":424,"column":63}},"184":{"start":{"line":425,"column":10},"end":{"line":425,"column":46}},"185":{"start":{"line":426,"column":10},"end":{"line":426,"column":88}},"186":{"start":{"line":428,"column":10},"end":{"line":428,"column":61}},"187":{"start":{"line":432,"column":10},"end":{"line":432,"column":17}},"188":{"start":{"line":440,"column":6},"end":{"line":440,"column":40}},"189":{"start":{"line":441,"column":6},"end":{"line":441,"column":95}},"190":{"start":{"line":442,"column":6},"end":{"line":442,"column":88}},"191":{"start":{"line":443,"column":6},"end":{"line":443,"column":89}},"192":{"start":{"line":445,"column":6},"end":{"line":445,"column":97}},"193":{"start":{"line":453,"column":6},"end":{"line":453,"column":40}},"194":{"start":{"line":454,"column":6},"end":{"line":454,"column":116}},"195":{"start":{"line":458,"column":6},"end":{"line":458,"column":18753}},"196":{"start":{"line":461,"column":10},"end":{"line":461,"column":91}},"197":{"start":{"line":462,"column":10},"end":{"line":462,"column":113}},"198":{"start":{"line":463,"column":10},"end":{"line":463,"column":115}},"199":{"start":{"line":465,"column":10},"end":{"line":465,"column":87}},"200":{"start":{"line":467,"column":10},"end":{"line":467,"column":75}},"201":{"start":{"line":468,"column":10},"end":{"line":468,"column":133}},"202":{"start":{"line":469,"column":10},"end":{"line":469,"column":160}},"203":{"start":{"line":470,"column":10},"end":{"line":470,"column":70}},"204":{"start":{"line":471,"column":10},"end":{"line":471,"column":89}},"205":{"start":{"line":474,"column":12},"end":{"line":474,"column":19798}},"206":{"start":{"line":478,"column":10},"end":{"line":478,"column":91}},"207":{"start":{"line":479,"column":10},"end":{"line":479,"column":81}},"208":{"start":{"line":481,"column":10},"end":{"line":481,"column":87}},"209":{"start":{"line":483,"column":10},"end":{"line":483,"column":128}},"210":{"start":{"line":484,"column":10},"end":{"line":484,"column":140}},"211":{"start":{"line":485,"column":10},"end":{"line":485,"column":118}},"212":{"start":{"line":486,"column":10},"end":{"line":486,"column":70}},"213":{"start":{"line":488,"column":10},"end":{"line":488,"column":65}},"214":{"start":{"line":492,"column":12},"end":{"line":492,"column":20691}},"215":{"start":{"line":495,"column":10},"end":{"line":495,"column":91}},"216":{"start":{"line":496,"column":10},"end":{"line":496,"column":81}},"217":{"start":{"line":498,"column":10},"end":{"line":498,"column":87}},"218":{"start":{"line":500,"column":10},"end":{"line":500,"column":128}},"219":{"start":{"line":501,"column":10},"end":{"line":501,"column":140}},"220":{"start":{"line":502,"column":10},"end":{"line":502,"column":118}},"221":{"start":{"line":503,"column":10},"end":{"line":503,"column":70}},"222":{"start":{"line":505,"column":10},"end":{"line":505,"column":65}},"223":{"start":{"line":507,"column":12},"end":{"line":507,"column":21578}},"224":{"start":{"line":510,"column":10},"end":{"line":510,"column":91}},"225":{"start":{"line":511,"column":10},"end":{"line":511,"column":81}},"226":{"start":{"line":513,"column":10},"end":{"line":513,"column":87}},"227":{"start":{"line":515,"column":10},"end":{"line":515,"column":128}},"228":{"start":{"line":516,"column":10},"end":{"line":516,"column":140}},"229":{"start":{"line":517,"column":10},"end":{"line":517,"column":118}},"230":{"start":{"line":518,"column":10},"end":{"line":518,"column":70}},"231":{"start":{"line":520,"column":10},"end":{"line":520,"column":65}},"232":{"start":{"line":523,"column":12},"end":{"line":523,"column":22481}},"233":{"start":{"line":526,"column":10},"end":{"line":526,"column":91}},"234":{"start":{"line":527,"column":10},"end":{"line":527,"column":81}},"235":{"start":{"line":529,"column":10},"end":{"line":529,"column":87}},"236":{"start":{"line":531,"column":10},"end":{"line":531,"column":128}},"237":{"start":{"line":532,"column":10},"end":{"line":532,"column":140}},"238":{"start":{"line":533,"column":10},"end":{"line":533,"column":118}},"239":{"start":{"line":534,"column":10},"end":{"line":534,"column":70}},"240":{"start":{"line":536,"column":10},"end":{"line":536,"column":65}},"241":{"start":{"line":538,"column":12},"end":{"line":538,"column":23383}},"242":{"start":{"line":541,"column":10},"end":{"line":541,"column":91}},"243":{"start":{"line":542,"column":10},"end":{"line":542,"column":81}},"244":{"start":{"line":544,"column":10},"end":{"line":544,"column":87}},"245":{"start":{"line":546,"column":10},"end":{"line":546,"column":128}},"246":{"start":{"line":547,"column":10},"end":{"line":547,"column":140}},"247":{"start":{"line":548,"column":10},"end":{"line":548,"column":118}},"248":{"start":{"line":549,"column":10},"end":{"line":549,"column":70}},"249":{"start":{"line":551,"column":10},"end":{"line":551,"column":65}},"250":{"start":{"line":553,"column":12},"end":{"line":553,"column":24285}},"251":{"start":{"line":556,"column":10},"end":{"line":556,"column":91}},"252":{"start":{"line":557,"column":10},"end":{"line":557,"column":81}},"253":{"start":{"line":559,"column":10},"end":{"line":559,"column":87}},"254":{"start":{"line":561,"column":10},"end":{"line":561,"column":128}},"255":{"start":{"line":562,"column":10},"end":{"line":562,"column":140}},"256":{"start":{"line":563,"column":10},"end":{"line":563,"column":118}},"257":{"start":{"line":564,"column":10},"end":{"line":564,"column":70}},"258":{"start":{"line":566,"column":10},"end":{"line":566,"column":65}},"259":{"start":{"line":568,"column":12},"end":{"line":568,"column":25188}},"260":{"start":{"line":571,"column":10},"end":{"line":571,"column":91}},"261":{"start":{"line":572,"column":10},"end":{"line":572,"column":81}},"262":{"start":{"line":574,"column":10},"end":{"line":574,"column":87}},"263":{"start":{"line":576,"column":10},"end":{"line":576,"column":128}},"264":{"start":{"line":577,"column":10},"end":{"line":577,"column":140}},"265":{"start":{"line":578,"column":10},"end":{"line":578,"column":118}},"266":{"start":{"line":579,"column":10},"end":{"line":579,"column":70}},"267":{"start":{"line":581,"column":10},"end":{"line":581,"column":65}},"268":{"start":{"line":584,"column":12},"end":{"line":584,"column":26084}},"269":{"start":{"line":587,"column":10},"end":{"line":587,"column":91}},"270":{"start":{"line":588,"column":10},"end":{"line":588,"column":81}},"271":{"start":{"line":590,"column":10},"end":{"line":590,"column":87}},"272":{"start":{"line":592,"column":10},"end":{"line":592,"column":128}},"273":{"start":{"line":593,"column":10},"end":{"line":593,"column":140}},"274":{"start":{"line":594,"column":10},"end":{"line":594,"column":118}},"275":{"start":{"line":595,"column":10},"end":{"line":595,"column":70}},"276":{"start":{"line":597,"column":10},"end":{"line":597,"column":65}},"277":{"start":{"line":599,"column":12},"end":{"line":599,"column":26975}},"278":{"start":{"line":602,"column":10},"end":{"line":602,"column":91}},"279":{"start":{"line":603,"column":10},"end":{"line":603,"column":82}},"280":{"start":{"line":605,"column":10},"end":{"line":605,"column":87}},"281":{"start":{"line":607,"column":10},"end":{"line":607,"column":128}},"282":{"start":{"line":608,"column":10},"end":{"line":608,"column":141}},"283":{"start":{"line":609,"column":10},"end":{"line":609,"column":120}},"284":{"start":{"line":610,"column":10},"end":{"line":610,"column":71}},"285":{"start":{"line":612,"column":10},"end":{"line":612,"column":65}},"286":{"start":{"line":616,"column":10},"end":{"line":616,"column":17}},"287":{"start":{"line":622,"column":8},"end":{"line":622,"column":42}},"288":{"start":{"line":624,"column":8},"end":{"line":624,"column":50}}},"branchMap":{"1":{"line":21,"type":"if","locations":[{"start":{"line":21,"column":8},"end":{"line":21,"column":8}},{"start":{"line":21,"column":8},"end":{"line":21,"column":8}}]},"2":{"line":30,"type":"if","locations":[{"start":{"line":30,"column":8},"end":{"line":30,"column":8}},{"start":{"line":30,"column":8},"end":{"line":30,"column":8}}]},"3":{"line":33,"type":"if","locations":[{"start":{"line":33,"column":8},"end":{"line":33,"column":8}},{"start":{"line":33,"column":8},"end":{"line":33,"column":8}}]},"4":{"line":38,"type":"if","locations":[{"start":{"line":38,"column":8},"end":{"line":38,"column":8}},{"start":{"line":38,"column":8},"end":{"line":38,"column":8}}]},"5":{"line":41,"type":"if","locations":[{"start":{"line":41,"column":8},"end":{"line":41,"column":8}},{"start":{"line":41,"column":8},"end":{"line":41,"column":8}}]},"6":{"line":130,"type":"if","locations":[{"start":{"line":130,"column":6},"end":{"line":130,"column":6}},{"start":{"line":130,"column":6},"end":{"line":130,"column":6}}]},"7":{"line":131,"type":"if","locations":[{"start":{"line":131,"column":6},"end":{"line":131,"column":6}},{"start":{"line":131,"column":6},"end":{"line":131,"column":6}}]},"8":{"line":132,"type":"if","locations":[{"start":{"line":132,"column":6},"end":{"line":132,"column":6}},{"start":{"line":132,"column":6},"end":{"line":132,"column":6}}]},"9":{"line":133,"type":"if","locations":[{"start":{"line":133,"column":6},"end":{"line":133,"column":6}},{"start":{"line":133,"column":6},"end":{"line":133,"column":6}}]},"10":{"line":134,"type":"if","locations":[{"start":{"line":134,"column":6},"end":{"line":134,"column":6}},{"start":{"line":134,"column":6},"end":{"line":134,"column":6}}]},"11":{"line":151,"type":"if","locations":[{"start":{"line":151,"column":6},"end":{"line":151,"column":6}},{"start":{"line":151,"column":6},"end":{"line":151,"column":6}}]},"12":{"line":152,"type":"if","locations":[{"start":{"line":152,"column":6},"end":{"line":152,"column":6}},{"start":{"line":152,"column":6},"end":{"line":152,"column":6}}]},"13":{"line":153,"type":"if","locations":[{"start":{"line":153,"column":6},"end":{"line":153,"column":6}},{"start":{"line":153,"column":6},"end":{"line":153,"column":6}}]},"14":{"line":155,"type":"if","locations":[{"start":{"line":155,"column":6},"end":{"line":155,"column":6}},{"start":{"line":155,"column":6},"end":{"line":155,"column":6}}]},"15":{"line":156,"type":"if","locations":[{"start":{"line":156,"column":6},"end":{"line":156,"column":6}},{"start":{"line":156,"column":6},"end":{"line":156,"column":6}}]},"16":{"line":171,"type":"if","locations":[{"start":{"line":171,"column":6},"end":{"line":171,"column":6}},{"start":{"line":171,"column":6},"end":{"line":171,"column":6}}]},"17":{"line":172,"type":"if","locations":[{"start":{"line":172,"column":6},"end":{"line":172,"column":6}},{"start":{"line":172,"column":6},"end":{"line":172,"column":6}}]},"18":{"line":173,"type":"if","locations":[{"start":{"line":173,"column":6},"end":{"line":173,"column":6}},{"start":{"line":173,"column":6},"end":{"line":173,"column":6}}]},"19":{"line":174,"type":"if","locations":[{"start":{"line":174,"column":6},"end":{"line":174,"column":6}},{"start":{"line":174,"column":6},"end":{"line":174,"column":6}}]},"20":{"line":178,"type":"if","locations":[{"start":{"line":178,"column":6},"end":{"line":178,"column":6}},{"start":{"line":178,"column":6},"end":{"line":178,"column":6}}]},"21":{"line":185,"type":"if","locations":[{"start":{"line":185,"column":6},"end":{"line":185,"column":6}},{"start":{"line":185,"column":6},"end":{"line":185,"column":6}}]},"22":{"line":186,"type":"if","locations":[{"start":{"line":186,"column":6},"end":{"line":186,"column":6}},{"start":{"line":186,"column":6},"end":{"line":186,"column":6}}]},"23":{"line":187,"type":"if","locations":[{"start":{"line":187,"column":6},"end":{"line":187,"column":6}},{"start":{"line":187,"column":6},"end":{"line":187,"column":6}}]},"24":{"line":188,"type":"if","locations":[{"start":{"line":188,"column":6},"end":{"line":188,"column":6}},{"start":{"line":188,"column":6},"end":{"line":188,"column":6}}]},"25":{"line":189,"type":"if","locations":[{"start":{"line":189,"column":6},"end":{"line":189,"column":6}},{"start":{"line":189,"column":6},"end":{"line":189,"column":6}}]},"26":{"line":203,"type":"if","locations":[{"start":{"line":203,"column":6},"end":{"line":203,"column":6}},{"start":{"line":203,"column":6},"end":{"line":203,"column":6}}]},"27":{"line":204,"type":"if","locations":[{"start":{"line":204,"column":6},"end":{"line":204,"column":6}},{"start":{"line":204,"column":6},"end":{"line":204,"column":6}}]},"28":{"line":205,"type":"if","locations":[{"start":{"line":205,"column":6},"end":{"line":205,"column":6}},{"start":{"line":205,"column":6},"end":{"line":205,"column":6}}]},"29":{"line":209,"type":"if","locations":[{"start":{"line":209,"column":6},"end":{"line":209,"column":6}},{"start":{"line":209,"column":6},"end":{"line":209,"column":6}}]},"30":{"line":215,"type":"if","locations":[{"start":{"line":215,"column":6},"end":{"line":215,"column":6}},{"start":{"line":215,"column":6},"end":{"line":215,"column":6}}]},"31":{"line":216,"type":"if","locations":[{"start":{"line":216,"column":6},"end":{"line":216,"column":6}},{"start":{"line":216,"column":6},"end":{"line":216,"column":6}}]},"32":{"line":217,"type":"if","locations":[{"start":{"line":217,"column":6},"end":{"line":217,"column":6}},{"start":{"line":217,"column":6},"end":{"line":217,"column":6}}]},"33":{"line":218,"type":"if","locations":[{"start":{"line":218,"column":6},"end":{"line":218,"column":6}},{"start":{"line":218,"column":6},"end":{"line":218,"column":6}}]},"34":{"line":236,"type":"if","locations":[{"start":{"line":236,"column":6},"end":{"line":236,"column":6}},{"start":{"line":236,"column":6},"end":{"line":236,"column":6}}]},"35":{"line":237,"type":"if","locations":[{"start":{"line":237,"column":6},"end":{"line":237,"column":6}},{"start":{"line":237,"column":6},"end":{"line":237,"column":6}}]},"36":{"line":240,"type":"if","locations":[{"start":{"line":240,"column":6},"end":{"line":240,"column":6}},{"start":{"line":240,"column":6},"end":{"line":240,"column":6}}]},"37":{"line":243,"type":"if","locations":[{"start":{"line":243,"column":10},"end":{"line":243,"column":10}},{"start":{"line":243,"column":10},"end":{"line":243,"column":10}}]},"38":{"line":244,"type":"if","locations":[{"start":{"line":244,"column":10},"end":{"line":244,"column":10}},{"start":{"line":244,"column":10},"end":{"line":244,"column":10}}]},"39":{"line":245,"type":"if","locations":[{"start":{"line":245,"column":10},"end":{"line":245,"column":10}},{"start":{"line":245,"column":10},"end":{"line":245,"column":10}}]},"40":{"line":249,"type":"if","locations":[{"start":{"line":249,"column":10},"end":{"line":249,"column":10}},{"start":{"line":249,"column":10},"end":{"line":249,"column":10}}]},"41":{"line":251,"type":"if","locations":[{"start":{"line":251,"column":10},"end":{"line":251,"column":10}},{"start":{"line":251,"column":10},"end":{"line":251,"column":10}}]},"42":{"line":254,"type":"if","locations":[{"start":{"line":254,"column":12},"end":{"line":254,"column":12}},{"start":{"line":254,"column":12},"end":{"line":254,"column":12}}]},"43":{"line":257,"type":"if","locations":[{"start":{"line":257,"column":10},"end":{"line":257,"column":10}},{"start":{"line":257,"column":10},"end":{"line":257,"column":10}}]},"44":{"line":258,"type":"if","locations":[{"start":{"line":258,"column":10},"end":{"line":258,"column":10}},{"start":{"line":258,"column":10},"end":{"line":258,"column":10}}]},"45":{"line":259,"type":"if","locations":[{"start":{"line":259,"column":10},"end":{"line":259,"column":10}},{"start":{"line":259,"column":10},"end":{"line":259,"column":10}}]},"46":{"line":263,"type":"if","locations":[{"start":{"line":263,"column":10},"end":{"line":263,"column":10}},{"start":{"line":263,"column":10},"end":{"line":263,"column":10}}]},"47":{"line":265,"type":"if","locations":[{"start":{"line":265,"column":10},"end":{"line":265,"column":10}},{"start":{"line":265,"column":10},"end":{"line":265,"column":10}}]},"48":{"line":267,"type":"if","locations":[{"start":{"line":267,"column":12},"end":{"line":267,"column":12}},{"start":{"line":267,"column":12},"end":{"line":267,"column":12}}]},"49":{"line":270,"type":"if","locations":[{"start":{"line":270,"column":10},"end":{"line":270,"column":10}},{"start":{"line":270,"column":10},"end":{"line":270,"column":10}}]},"50":{"line":271,"type":"if","locations":[{"start":{"line":271,"column":10},"end":{"line":271,"column":10}},{"start":{"line":271,"column":10},"end":{"line":271,"column":10}}]},"51":{"line":272,"type":"if","locations":[{"start":{"line":272,"column":10},"end":{"line":272,"column":10}},{"start":{"line":272,"column":10},"end":{"line":272,"column":10}}]},"52":{"line":276,"type":"if","locations":[{"start":{"line":276,"column":10},"end":{"line":276,"column":10}},{"start":{"line":276,"column":10},"end":{"line":276,"column":10}}]},"53":{"line":278,"type":"if","locations":[{"start":{"line":278,"column":10},"end":{"line":278,"column":10}},{"start":{"line":278,"column":10},"end":{"line":278,"column":10}}]},"54":{"line":281,"type":"if","locations":[{"start":{"line":281,"column":12},"end":{"line":281,"column":12}},{"start":{"line":281,"column":12},"end":{"line":281,"column":12}}]},"55":{"line":285,"type":"if","locations":[{"start":{"line":285,"column":10},"end":{"line":285,"column":10}},{"start":{"line":285,"column":10},"end":{"line":285,"column":10}}]},"56":{"line":286,"type":"if","locations":[{"start":{"line":286,"column":10},"end":{"line":286,"column":10}},{"start":{"line":286,"column":10},"end":{"line":286,"column":10}}]},"57":{"line":287,"type":"if","locations":[{"start":{"line":287,"column":10},"end":{"line":287,"column":10}},{"start":{"line":287,"column":10},"end":{"line":287,"column":10}}]},"58":{"line":291,"type":"if","locations":[{"start":{"line":291,"column":10},"end":{"line":291,"column":10}},{"start":{"line":291,"column":10},"end":{"line":291,"column":10}}]},"59":{"line":293,"type":"if","locations":[{"start":{"line":293,"column":10},"end":{"line":293,"column":10}},{"start":{"line":293,"column":10},"end":{"line":293,"column":10}}]},"60":{"line":297,"type":"if","locations":[{"start":{"line":297,"column":12},"end":{"line":297,"column":12}},{"start":{"line":297,"column":12},"end":{"line":297,"column":12}}]},"61":{"line":301,"type":"if","locations":[{"start":{"line":301,"column":10},"end":{"line":301,"column":10}},{"start":{"line":301,"column":10},"end":{"line":301,"column":10}}]},"62":{"line":302,"type":"if","locations":[{"start":{"line":302,"column":10},"end":{"line":302,"column":10}},{"start":{"line":302,"column":10},"end":{"line":302,"column":10}}]},"63":{"line":303,"type":"if","locations":[{"start":{"line":303,"column":10},"end":{"line":303,"column":10}},{"start":{"line":303,"column":10},"end":{"line":303,"column":10}}]},"64":{"line":307,"type":"if","locations":[{"start":{"line":307,"column":10},"end":{"line":307,"column":10}},{"start":{"line":307,"column":10},"end":{"line":307,"column":10}}]},"65":{"line":309,"type":"if","locations":[{"start":{"line":309,"column":10},"end":{"line":309,"column":10}},{"start":{"line":309,"column":10},"end":{"line":309,"column":10}}]},"66":{"line":312,"type":"if","locations":[{"start":{"line":312,"column":12},"end":{"line":312,"column":12}},{"start":{"line":312,"column":12},"end":{"line":312,"column":12}}]},"67":{"line":316,"type":"if","locations":[{"start":{"line":316,"column":10},"end":{"line":316,"column":10}},{"start":{"line":316,"column":10},"end":{"line":316,"column":10}}]},"68":{"line":317,"type":"if","locations":[{"start":{"line":317,"column":10},"end":{"line":317,"column":10}},{"start":{"line":317,"column":10},"end":{"line":317,"column":10}}]},"69":{"line":318,"type":"if","locations":[{"start":{"line":318,"column":10},"end":{"line":318,"column":10}},{"start":{"line":318,"column":10},"end":{"line":318,"column":10}}]},"70":{"line":322,"type":"if","locations":[{"start":{"line":322,"column":10},"end":{"line":322,"column":10}},{"start":{"line":322,"column":10},"end":{"line":322,"column":10}}]},"71":{"line":324,"type":"if","locations":[{"start":{"line":324,"column":10},"end":{"line":324,"column":10}},{"start":{"line":324,"column":10},"end":{"line":324,"column":10}}]},"72":{"line":326,"type":"if","locations":[{"start":{"line":326,"column":12},"end":{"line":326,"column":12}},{"start":{"line":326,"column":12},"end":{"line":326,"column":12}}]},"73":{"line":330,"type":"if","locations":[{"start":{"line":330,"column":10},"end":{"line":330,"column":10}},{"start":{"line":330,"column":10},"end":{"line":330,"column":10}}]},"74":{"line":331,"type":"if","locations":[{"start":{"line":331,"column":10},"end":{"line":331,"column":10}},{"start":{"line":331,"column":10},"end":{"line":331,"column":10}}]},"75":{"line":332,"type":"if","locations":[{"start":{"line":332,"column":10},"end":{"line":332,"column":10}},{"start":{"line":332,"column":10},"end":{"line":332,"column":10}}]},"76":{"line":336,"type":"if","locations":[{"start":{"line":336,"column":10},"end":{"line":336,"column":10}},{"start":{"line":336,"column":10},"end":{"line":336,"column":10}}]},"77":{"line":338,"type":"if","locations":[{"start":{"line":338,"column":10},"end":{"line":338,"column":10}},{"start":{"line":338,"column":10},"end":{"line":338,"column":10}}]},"78":{"line":341,"type":"if","locations":[{"start":{"line":341,"column":12},"end":{"line":341,"column":12}},{"start":{"line":341,"column":12},"end":{"line":341,"column":12}}]},"79":{"line":345,"type":"if","locations":[{"start":{"line":345,"column":10},"end":{"line":345,"column":10}},{"start":{"line":345,"column":10},"end":{"line":345,"column":10}}]},"80":{"line":346,"type":"if","locations":[{"start":{"line":346,"column":10},"end":{"line":346,"column":10}},{"start":{"line":346,"column":10},"end":{"line":346,"column":10}}]},"81":{"line":347,"type":"if","locations":[{"start":{"line":347,"column":10},"end":{"line":347,"column":10}},{"start":{"line":347,"column":10},"end":{"line":347,"column":10}}]},"82":{"line":351,"type":"if","locations":[{"start":{"line":351,"column":10},"end":{"line":351,"column":10}},{"start":{"line":351,"column":10},"end":{"line":351,"column":10}}]},"83":{"line":353,"type":"if","locations":[{"start":{"line":353,"column":10},"end":{"line":353,"column":10}},{"start":{"line":353,"column":10},"end":{"line":353,"column":10}}]},"84":{"line":367,"type":"if","locations":[{"start":{"line":367,"column":6},"end":{"line":367,"column":6}},{"start":{"line":367,"column":6},"end":{"line":367,"column":6}}]},"85":{"line":368,"type":"if","locations":[{"start":{"line":368,"column":6},"end":{"line":368,"column":6}},{"start":{"line":368,"column":6},"end":{"line":368,"column":6}}]},"86":{"line":371,"type":"if","locations":[{"start":{"line":371,"column":6},"end":{"line":371,"column":6}},{"start":{"line":371,"column":6},"end":{"line":371,"column":6}}]},"87":{"line":376,"type":"if","locations":[{"start":{"line":376,"column":10},"end":{"line":376,"column":10}},{"start":{"line":376,"column":10},"end":{"line":376,"column":10}}]},"88":{"line":377,"type":"if","locations":[{"start":{"line":377,"column":10},"end":{"line":377,"column":10}},{"start":{"line":377,"column":10},"end":{"line":377,"column":10}}]},"89":{"line":378,"type":"if","locations":[{"start":{"line":378,"column":10},"end":{"line":378,"column":10}},{"start":{"line":378,"column":10},"end":{"line":378,"column":10}}]},"90":{"line":381,"type":"if","locations":[{"start":{"line":381,"column":10},"end":{"line":381,"column":10}},{"start":{"line":381,"column":10},"end":{"line":381,"column":10}}]},"91":{"line":383,"type":"if","locations":[{"start":{"line":383,"column":10},"end":{"line":383,"column":10}},{"start":{"line":383,"column":10},"end":{"line":383,"column":10}}]},"92":{"line":386,"type":"if","locations":[{"start":{"line":386,"column":12},"end":{"line":386,"column":12}},{"start":{"line":386,"column":12},"end":{"line":386,"column":12}}]},"93":{"line":391,"type":"if","locations":[{"start":{"line":391,"column":10},"end":{"line":391,"column":10}},{"start":{"line":391,"column":10},"end":{"line":391,"column":10}}]},"94":{"line":392,"type":"if","locations":[{"start":{"line":392,"column":10},"end":{"line":392,"column":10}},{"start":{"line":392,"column":10},"end":{"line":392,"column":10}}]},"95":{"line":396,"type":"if","locations":[{"start":{"line":396,"column":10},"end":{"line":396,"column":10}},{"start":{"line":396,"column":10},"end":{"line":396,"column":10}}]},"96":{"line":398,"type":"if","locations":[{"start":{"line":398,"column":10},"end":{"line":398,"column":10}},{"start":{"line":398,"column":10},"end":{"line":398,"column":10}}]},"97":{"line":401,"type":"if","locations":[{"start":{"line":401,"column":12},"end":{"line":401,"column":12}},{"start":{"line":401,"column":12},"end":{"line":401,"column":12}}]},"98":{"line":406,"type":"if","locations":[{"start":{"line":406,"column":10},"end":{"line":406,"column":10}},{"start":{"line":406,"column":10},"end":{"line":406,"column":10}}]},"99":{"line":407,"type":"if","locations":[{"start":{"line":407,"column":10},"end":{"line":407,"column":10}},{"start":{"line":407,"column":10},"end":{"line":407,"column":10}}]},"100":{"line":411,"type":"if","locations":[{"start":{"line":411,"column":10},"end":{"line":411,"column":10}},{"start":{"line":411,"column":10},"end":{"line":411,"column":10}}]},"101":{"line":413,"type":"if","locations":[{"start":{"line":413,"column":10},"end":{"line":413,"column":10}},{"start":{"line":413,"column":10},"end":{"line":413,"column":10}}]},"102":{"line":416,"type":"if","locations":[{"start":{"line":416,"column":12},"end":{"line":416,"column":12}},{"start":{"line":416,"column":12},"end":{"line":416,"column":12}}]},"103":{"line":421,"type":"if","locations":[{"start":{"line":421,"column":10},"end":{"line":421,"column":10}},{"start":{"line":421,"column":10},"end":{"line":421,"column":10}}]},"104":{"line":422,"type":"if","locations":[{"start":{"line":422,"column":10},"end":{"line":422,"column":10}},{"start":{"line":422,"column":10},"end":{"line":422,"column":10}}]},"105":{"line":426,"type":"if","locations":[{"start":{"line":426,"column":10},"end":{"line":426,"column":10}},{"start":{"line":426,"column":10},"end":{"line":426,"column":10}}]},"106":{"line":428,"type":"if","locations":[{"start":{"line":428,"column":10},"end":{"line":428,"column":10}},{"start":{"line":428,"column":10},"end":{"line":428,"column":10}}]},"107":{"line":440,"type":"if","locations":[{"start":{"line":440,"column":6},"end":{"line":440,"column":6}},{"start":{"line":440,"column":6},"end":{"line":440,"column":6}}]},"108":{"line":441,"type":"if","locations":[{"start":{"line":441,"column":6},"end":{"line":441,"column":6}},{"start":{"line":441,"column":6},"end":{"line":441,"column":6}}]},"109":{"line":442,"type":"if","locations":[{"start":{"line":442,"column":6},"end":{"line":442,"column":6}},{"start":{"line":442,"column":6},"end":{"line":442,"column":6}}]},"110":{"line":443,"type":"if","locations":[{"start":{"line":443,"column":6},"end":{"line":443,"column":6}},{"start":{"line":443,"column":6},"end":{"line":443,"column":6}}]},"111":{"line":445,"type":"if","locations":[{"start":{"line":445,"column":6},"end":{"line":445,"column":6}},{"start":{"line":445,"column":6},"end":{"line":445,"column":6}}]},"112":{"line":453,"type":"if","locations":[{"start":{"line":453,"column":6},"end":{"line":453,"column":6}},{"start":{"line":453,"column":6},"end":{"line":453,"column":6}}]},"113":{"line":454,"type":"if","locations":[{"start":{"line":454,"column":6},"end":{"line":454,"column":6}},{"start":{"line":454,"column":6},"end":{"line":454,"column":6}}]},"114":{"line":458,"type":"if","locations":[{"start":{"line":458,"column":6},"end":{"line":458,"column":6}},{"start":{"line":458,"column":6},"end":{"line":458,"column":6}}]},"115":{"line":461,"type":"if","locations":[{"start":{"line":461,"column":10},"end":{"line":461,"column":10}},{"start":{"line":461,"column":10},"end":{"line":461,"column":10}}]},"116":{"line":462,"type":"if","locations":[{"start":{"line":462,"column":10},"end":{"line":462,"column":10}},{"start":{"line":462,"column":10},"end":{"line":462,"column":10}}]},"117":{"line":463,"type":"if","locations":[{"start":{"line":463,"column":10},"end":{"line":463,"column":10}},{"start":{"line":463,"column":10},"end":{"line":463,"column":10}}]},"118":{"line":469,"type":"if","locations":[{"start":{"line":469,"column":10},"end":{"line":469,"column":10}},{"start":{"line":469,"column":10},"end":{"line":469,"column":10}}]},"119":{"line":471,"type":"if","locations":[{"start":{"line":471,"column":10},"end":{"line":471,"column":10}},{"start":{"line":471,"column":10},"end":{"line":471,"column":10}}]},"120":{"line":474,"type":"if","locations":[{"start":{"line":474,"column":12},"end":{"line":474,"column":12}},{"start":{"line":474,"column":12},"end":{"line":474,"column":12}}]},"121":{"line":478,"type":"if","locations":[{"start":{"line":478,"column":10},"end":{"line":478,"column":10}},{"start":{"line":478,"column":10},"end":{"line":478,"column":10}}]},"122":{"line":479,"type":"if","locations":[{"start":{"line":479,"column":10},"end":{"line":479,"column":10}},{"start":{"line":479,"column":10},"end":{"line":479,"column":10}}]},"123":{"line":485,"type":"if","locations":[{"start":{"line":485,"column":10},"end":{"line":485,"column":10}},{"start":{"line":485,"column":10},"end":{"line":485,"column":10}}]},"124":{"line":488,"type":"if","locations":[{"start":{"line":488,"column":10},"end":{"line":488,"column":10}},{"start":{"line":488,"column":10},"end":{"line":488,"column":10}}]},"125":{"line":492,"type":"if","locations":[{"start":{"line":492,"column":12},"end":{"line":492,"column":12}},{"start":{"line":492,"column":12},"end":{"line":492,"column":12}}]},"126":{"line":495,"type":"if","locations":[{"start":{"line":495,"column":10},"end":{"line":495,"column":10}},{"start":{"line":495,"column":10},"end":{"line":495,"column":10}}]},"127":{"line":496,"type":"if","locations":[{"start":{"line":496,"column":10},"end":{"line":496,"column":10}},{"start":{"line":496,"column":10},"end":{"line":496,"column":10}}]},"128":{"line":502,"type":"if","locations":[{"start":{"line":502,"column":10},"end":{"line":502,"column":10}},{"start":{"line":502,"column":10},"end":{"line":502,"column":10}}]},"129":{"line":505,"type":"if","locations":[{"start":{"line":505,"column":10},"end":{"line":505,"column":10}},{"start":{"line":505,"column":10},"end":{"line":505,"column":10}}]},"130":{"line":507,"type":"if","locations":[{"start":{"line":507,"column":12},"end":{"line":507,"column":12}},{"start":{"line":507,"column":12},"end":{"line":507,"column":12}}]},"131":{"line":510,"type":"if","locations":[{"start":{"line":510,"column":10},"end":{"line":510,"column":10}},{"start":{"line":510,"column":10},"end":{"line":510,"column":10}}]},"132":{"line":511,"type":"if","locations":[{"start":{"line":511,"column":10},"end":{"line":511,"column":10}},{"start":{"line":511,"column":10},"end":{"line":511,"column":10}}]},"133":{"line":517,"type":"if","locations":[{"start":{"line":517,"column":10},"end":{"line":517,"column":10}},{"start":{"line":517,"column":10},"end":{"line":517,"column":10}}]},"134":{"line":520,"type":"if","locations":[{"start":{"line":520,"column":10},"end":{"line":520,"column":10}},{"start":{"line":520,"column":10},"end":{"line":520,"column":10}}]},"135":{"line":523,"type":"if","locations":[{"start":{"line":523,"column":12},"end":{"line":523,"column":12}},{"start":{"line":523,"column":12},"end":{"line":523,"column":12}}]},"136":{"line":526,"type":"if","locations":[{"start":{"line":526,"column":10},"end":{"line":526,"column":10}},{"start":{"line":526,"column":10},"end":{"line":526,"column":10}}]},"137":{"line":527,"type":"if","locations":[{"start":{"line":527,"column":10},"end":{"line":527,"column":10}},{"start":{"line":527,"column":10},"end":{"line":527,"column":10}}]},"138":{"line":533,"type":"if","locations":[{"start":{"line":533,"column":10},"end":{"line":533,"column":10}},{"start":{"line":533,"column":10},"end":{"line":533,"column":10}}]},"139":{"line":536,"type":"if","locations":[{"start":{"line":536,"column":10},"end":{"line":536,"column":10}},{"start":{"line":536,"column":10},"end":{"line":536,"column":10}}]},"140":{"line":538,"type":"if","locations":[{"start":{"line":538,"column":12},"end":{"line":538,"column":12}},{"start":{"line":538,"column":12},"end":{"line":538,"column":12}}]},"141":{"line":541,"type":"if","locations":[{"start":{"line":541,"column":10},"end":{"line":541,"column":10}},{"start":{"line":541,"column":10},"end":{"line":541,"column":10}}]},"142":{"line":542,"type":"if","locations":[{"start":{"line":542,"column":10},"end":{"line":542,"column":10}},{"start":{"line":542,"column":10},"end":{"line":542,"column":10}}]},"143":{"line":548,"type":"if","locations":[{"start":{"line":548,"column":10},"end":{"line":548,"column":10}},{"start":{"line":548,"column":10},"end":{"line":548,"column":10}}]},"144":{"line":551,"type":"if","locations":[{"start":{"line":551,"column":10},"end":{"line":551,"column":10}},{"start":{"line":551,"column":10},"end":{"line":551,"column":10}}]},"145":{"line":553,"type":"if","locations":[{"start":{"line":553,"column":12},"end":{"line":553,"column":12}},{"start":{"line":553,"column":12},"end":{"line":553,"column":12}}]},"146":{"line":556,"type":"if","locations":[{"start":{"line":556,"column":10},"end":{"line":556,"column":10}},{"start":{"line":556,"column":10},"end":{"line":556,"column":10}}]},"147":{"line":557,"type":"if","locations":[{"start":{"line":557,"column":10},"end":{"line":557,"column":10}},{"start":{"line":557,"column":10},"end":{"line":557,"column":10}}]},"148":{"line":563,"type":"if","locations":[{"start":{"line":563,"column":10},"end":{"line":563,"column":10}},{"start":{"line":563,"column":10},"end":{"line":563,"column":10}}]},"149":{"line":566,"type":"if","locations":[{"start":{"line":566,"column":10},"end":{"line":566,"column":10}},{"start":{"line":566,"column":10},"end":{"line":566,"column":10}}]},"150":{"line":568,"type":"if","locations":[{"start":{"line":568,"column":12},"end":{"line":568,"column":12}},{"start":{"line":568,"column":12},"end":{"line":568,"column":12}}]},"151":{"line":571,"type":"if","locations":[{"start":{"line":571,"column":10},"end":{"line":571,"column":10}},{"start":{"line":571,"column":10},"end":{"line":571,"column":10}}]},"152":{"line":572,"type":"if","locations":[{"start":{"line":572,"column":10},"end":{"line":572,"column":10}},{"start":{"line":572,"column":10},"end":{"line":572,"column":10}}]},"153":{"line":578,"type":"if","locations":[{"start":{"line":578,"column":10},"end":{"line":578,"column":10}},{"start":{"line":578,"column":10},"end":{"line":578,"column":10}}]},"154":{"line":581,"type":"if","locations":[{"start":{"line":581,"column":10},"end":{"line":581,"column":10}},{"start":{"line":581,"column":10},"end":{"line":581,"column":10}}]},"155":{"line":584,"type":"if","locations":[{"start":{"line":584,"column":12},"end":{"line":584,"column":12}},{"start":{"line":584,"column":12},"end":{"line":584,"column":12}}]},"156":{"line":587,"type":"if","locations":[{"start":{"line":587,"column":10},"end":{"line":587,"column":10}},{"start":{"line":587,"column":10},"end":{"line":587,"column":10}}]},"157":{"line":588,"type":"if","locations":[{"start":{"line":588,"column":10},"end":{"line":588,"column":10}},{"start":{"line":588,"column":10},"end":{"line":588,"column":10}}]},"158":{"line":594,"type":"if","locations":[{"start":{"line":594,"column":10},"end":{"line":594,"column":10}},{"start":{"line":594,"column":10},"end":{"line":594,"column":10}}]},"159":{"line":597,"type":"if","locations":[{"start":{"line":597,"column":10},"end":{"line":597,"column":10}},{"start":{"line":597,"column":10},"end":{"line":597,"column":10}}]},"160":{"line":599,"type":"if","locations":[{"start":{"line":599,"column":12},"end":{"line":599,"column":12}},{"start":{"line":599,"column":12},"end":{"line":599,"column":12}}]},"161":{"line":602,"type":"if","locations":[{"start":{"line":602,"column":10},"end":{"line":602,"column":10}},{"start":{"line":602,"column":10},"end":{"line":602,"column":10}}]},"162":{"line":603,"type":"if","locations":[{"start":{"line":603,"column":10},"end":{"line":603,"column":10}},{"start":{"line":603,"column":10},"end":{"line":603,"column":10}}]},"163":{"line":609,"type":"if","locations":[{"start":{"line":609,"column":10},"end":{"line":609,"column":10}},{"start":{"line":609,"column":10},"end":{"line":609,"column":10}}]},"164":{"line":612,"type":"if","locations":[{"start":{"line":612,"column":10},"end":{"line":612,"column":10}},{"start":{"line":612,"column":10},"end":{"line":612,"column":10}}]},"165":{"line":622,"type":"if","locations":[{"start":{"line":622,"column":8},"end":{"line":622,"column":8}},{"start":{"line":622,"column":8},"end":{"line":622,"column":8}}]}}}}