TN:
SF:/home/abhi/Projects/Cryptoknowmics/contracts/Cryptoknowmics.sol
FN:19,
FN:35,transfer
FN:48,transferFrom
FN:60,balanceOf
FN:64,approve
FN:70,allowance
FN:79,
FNF:7
FNH:3
FNDA:1,
FNDA:27,transfer
FNDA:0,transferFrom
FNDA:29,balanceOf
FNDA:0,approve
FNDA:0,allowance
FNDA:0,
DA:24,1
DA:25,1
DA:26,1
DA:27,1
DA:28,1
DA:40,27
DA:41,27
DA:42,27
DA:43,27
DA:44,27
DA:51,0
DA:52,0
DA:53,0
DA:54,0
DA:55,0
DA:56,0
DA:61,29
DA:65,0
DA:66,0
DA:67,0
DA:71,0
DA:81,0
LF:22
LH:11
BRDA:40,1,0,27
BRDA:40,1,1,0
BRDA:51,2,0,0
BRDA:51,2,1,0
BRF:4
BRH:1
end_of_record
TN:
SF:/home/abhi/Projects/Cryptoknowmics/contracts/Vesting.sol
FN:16,
FN:20,onlyOwner
FN:28,add
FN:32,sub
FN:36,mul
FN:40,div
FN:123,
FN:128,lockTeamTokens
FN:149,lockContentTokens
FN:169,sendStratergicTokens
FN:183,lockBusinessTokens
FN:201,sendBountyTokens
FN:213,lockAdvisorTokens
FN:234,releaseAdvisorTokens
FN:363,releaseTeamTokens
FN:438,releasebusinessTokens
FN:450,releaseContentTokens
FN:621,transferAnyERC20Token
FNF:18
FNH:18
FNDA:1,
FNDA:62,onlyOwner
FNDA:56,add
FNDA:25,sub
FNDA:27,mul
FNDA:26,div
FNDA:1,
FNDA:1,lockTeamTokens
FNDA:1,lockContentTokens
FNDA:1,sendStratergicTokens
FNDA:1,lockBusinessTokens
FNDA:1,sendBountyTokens
FNDA:1,lockAdvisorTokens
FNDA:8,releaseAdvisorTokens
FNDA:4,releaseTeamTokens
FNDA:1,releasebusinessTokens
FNDA:12,releaseContentTokens
FNDA:1,transferAnyERC20Token
DA:17,1
DA:21,62
DA:22,32
DA:29,56
DA:30,56
DA:33,25
DA:34,25
DA:37,27
DA:38,27
DA:41,26
DA:42,26
DA:124,1
DA:130,1
DA:131,1
DA:132,1
DA:133,1
DA:134,1
DA:136,1
DA:137,1
DA:139,1
DA:140,1
DA:141,1
DA:142,1
DA:151,1
DA:152,1
DA:153,1
DA:155,1
DA:156,1
DA:159,1
DA:160,1
DA:162,1
DA:163,1
DA:164,1
DA:171,1
DA:172,1
DA:173,1
DA:174,1
DA:176,1
DA:177,1
DA:178,1
DA:185,1
DA:186,1
DA:187,1
DA:188,1
DA:189,1
DA:191,1
DA:192,1
DA:194,1
DA:195,1
DA:196,1
DA:203,1
DA:204,1
DA:205,1
DA:207,1
DA:208,1
DA:209,1
DA:215,1
DA:216,1
DA:217,1
DA:218,1
DA:221,1
DA:222,1
DA:224,1
DA:225,1
DA:226,1
DA:236,8
DA:237,8
DA:238,8
DA:240,8
DA:242,1
DA:243,1
DA:244,1
DA:245,1
DA:247,1
DA:248,1
DA:249,1
DA:250,1
DA:251,1
DA:256,1
DA:257,1
DA:258,1
DA:259,1
DA:261,1
DA:262,1
DA:263,1
DA:264,1
DA:265,1
DA:269,1
DA:270,1
DA:271,1
DA:272,1
DA:274,1
DA:275,1
DA:276,1
DA:277,1
DA:278,1
DA:284,1
DA:285,1
DA:286,1
DA:287,1
DA:289,1
DA:290,1
DA:291,1
DA:292,1
DA:293,1
DA:300,1
DA:301,1
DA:302,1
DA:303,1
DA:305,1
DA:306,1
DA:307,1
DA:308,1
DA:309,1
DA:315,1
DA:316,1
DA:317,1
DA:318,1
DA:320,1
DA:321,1
DA:322,1
DA:323,1
DA:324,1
DA:329,1
DA:330,1
DA:331,1
DA:332,1
DA:334,1
DA:335,1
DA:336,1
DA:337,1
DA:338,1
DA:344,1
DA:345,1
DA:346,1
DA:347,1
DA:349,1
DA:350,1
DA:351,1
DA:352,1
DA:353,1
DA:357,0
DA:365,4
DA:366,4
DA:367,4
DA:368,4
DA:371,4
DA:374,1
DA:376,1
DA:377,1
DA:378,1
DA:379,1
DA:380,1
DA:381,1
DA:382,1
DA:383,1
DA:389,1
DA:391,1
DA:392,1
DA:394,1
DA:395,1
DA:396,1
DA:397,1
DA:398,1
DA:404,1
DA:406,1
DA:407,1
DA:409,1
DA:410,1
DA:411,1
DA:412,1
DA:413,1
DA:419,1
DA:421,1
DA:422,1
DA:424,1
DA:425,1
DA:426,1
DA:427,1
DA:428,1
DA:432,0
DA:440,1
DA:441,1
DA:442,1
DA:443,1
DA:444,1
DA:445,1
DA:453,12
DA:454,12
DA:456,12
DA:458,12
DA:461,1
DA:462,1
DA:463,1
DA:465,1
DA:467,1
DA:468,1
DA:469,1
DA:470,1
DA:471,1
DA:478,1
DA:479,1
DA:481,1
DA:483,1
DA:484,1
DA:485,1
DA:486,1
DA:488,1
DA:495,1
DA:496,1
DA:498,1
DA:500,1
DA:501,1
DA:502,1
DA:503,1
DA:505,1
DA:510,1
DA:511,1
DA:513,1
DA:515,1
DA:516,1
DA:517,1
DA:518,1
DA:520,1
DA:526,1
DA:527,1
DA:529,1
DA:531,1
DA:532,1
DA:533,1
DA:534,1
DA:536,1
DA:541,1
DA:542,1
DA:544,1
DA:546,1
DA:547,1
DA:548,1
DA:549,1
DA:551,1
DA:556,1
DA:557,1
DA:559,1
DA:561,1
DA:562,1
DA:563,1
DA:564,1
DA:566,1
DA:571,1
DA:572,1
DA:574,1
DA:576,1
DA:577,1
DA:578,1
DA:579,1
DA:581,1
DA:587,1
DA:588,1
DA:590,1
DA:592,1
DA:593,1
DA:594,1
DA:595,1
DA:597,1
DA:602,3
DA:603,1
DA:605,1
DA:607,1
DA:608,1
DA:609,1
DA:610,1
DA:612,1
DA:616,0
DA:622,1
DA:624,1
LF:275
LH:272
BRDA:21,1,0,32
BRDA:21,1,1,30
BRDA:30,2,0,56
BRDA:30,2,1,0
BRDA:33,3,0,25
BRDA:33,3,1,0
BRDA:38,4,0,27
BRDA:38,4,1,0
BRDA:41,5,0,26
BRDA:41,5,1,0
BRDA:130,6,0,1
BRDA:130,6,1,0
BRDA:131,7,0,1
BRDA:131,7,1,0
BRDA:132,8,0,1
BRDA:132,8,1,0
BRDA:133,9,0,1
BRDA:133,9,1,0
BRDA:134,10,0,1
BRDA:134,10,1,0
BRDA:151,11,0,1
BRDA:151,11,1,0
BRDA:152,12,0,1
BRDA:152,12,1,0
BRDA:153,13,0,1
BRDA:153,13,1,0
BRDA:155,14,0,1
BRDA:155,14,1,0
BRDA:156,15,0,1
BRDA:156,15,1,0
BRDA:171,16,0,1
BRDA:171,16,1,0
BRDA:172,17,0,1
BRDA:172,17,1,0
BRDA:173,18,0,1
BRDA:173,18,1,0
BRDA:174,19,0,1
BRDA:174,19,1,0
BRDA:178,20,0,1
BRDA:178,20,1,0
BRDA:185,21,0,1
BRDA:185,21,1,0
BRDA:186,22,0,1
BRDA:186,22,1,0
BRDA:187,23,0,1
BRDA:187,23,1,0
BRDA:188,24,0,1
BRDA:188,24,1,0
BRDA:189,25,0,1
BRDA:189,25,1,0
BRDA:203,26,0,1
BRDA:203,26,1,0
BRDA:204,27,0,1
BRDA:204,27,1,0
BRDA:205,28,0,1
BRDA:205,28,1,0
BRDA:209,29,0,1
BRDA:209,29,1,0
BRDA:215,30,0,1
BRDA:215,30,1,0
BRDA:216,31,0,1
BRDA:216,31,1,0
BRDA:217,32,0,1
BRDA:217,32,1,0
BRDA:218,33,0,1
BRDA:218,33,1,0
BRDA:236,34,0,8
BRDA:236,34,1,0
BRDA:237,35,0,8
BRDA:237,35,1,0
BRDA:240,36,0,1
BRDA:240,36,1,7
BRDA:243,37,0,1
BRDA:243,37,1,0
BRDA:244,38,0,1
BRDA:244,38,1,0
BRDA:245,39,0,1
BRDA:245,39,1,0
BRDA:249,40,0,1
BRDA:249,40,1,0
BRDA:251,41,0,1
BRDA:251,41,1,0
BRDA:254,42,0,1
BRDA:254,42,1,6
BRDA:257,43,0,1
BRDA:257,43,1,0
BRDA:258,44,0,1
BRDA:258,44,1,0
BRDA:259,45,0,1
BRDA:259,45,1,0
BRDA:263,46,0,1
BRDA:263,46,1,0
BRDA:265,47,0,1
BRDA:265,47,1,0
BRDA:267,48,0,1
BRDA:267,48,1,5
BRDA:270,49,0,1
BRDA:270,49,1,0
BRDA:271,50,0,1
BRDA:271,50,1,0
BRDA:272,51,0,1
BRDA:272,51,1,0
BRDA:276,52,0,1
BRDA:276,52,1,0
BRDA:278,53,0,1
BRDA:278,53,1,0
BRDA:281,54,0,1
BRDA:281,54,1,4
BRDA:285,55,0,1
BRDA:285,55,1,0
BRDA:286,56,0,1
BRDA:286,56,1,0
BRDA:287,57,0,1
BRDA:287,57,1,0
BRDA:291,58,0,1
BRDA:291,58,1,0
BRDA:293,59,0,1
BRDA:293,59,1,0
BRDA:297,60,0,1
BRDA:297,60,1,3
BRDA:301,61,0,1
BRDA:301,61,1,0
BRDA:302,62,0,1
BRDA:302,62,1,0
BRDA:303,63,0,1
BRDA:303,63,1,0
BRDA:307,64,0,1
BRDA:307,64,1,0
BRDA:309,65,0,1
BRDA:309,65,1,0
BRDA:312,66,0,1
BRDA:312,66,1,2
BRDA:316,67,0,1
BRDA:316,67,1,0
BRDA:317,68,0,1
BRDA:317,68,1,0
BRDA:318,69,0,1
BRDA:318,69,1,0
BRDA:322,70,0,1
BRDA:322,70,1,0
BRDA:324,71,0,1
BRDA:324,71,1,0
BRDA:326,72,0,1
BRDA:326,72,1,1
BRDA:330,73,0,1
BRDA:330,73,1,0
BRDA:331,74,0,1
BRDA:331,74,1,0
BRDA:332,75,0,1
BRDA:332,75,1,0
BRDA:336,76,0,1
BRDA:336,76,1,0
BRDA:338,77,0,1
BRDA:338,77,1,0
BRDA:341,78,0,1
BRDA:341,78,1,0
BRDA:345,79,0,1
BRDA:345,79,1,0
BRDA:346,80,0,1
BRDA:346,80,1,0
BRDA:347,81,0,1
BRDA:347,81,1,0
BRDA:351,82,0,1
BRDA:351,82,1,0
BRDA:353,83,0,1
BRDA:353,83,1,0
BRDA:367,84,0,4
BRDA:367,84,1,0
BRDA:368,85,0,4
BRDA:368,85,1,0
BRDA:371,86,0,1
BRDA:371,86,1,3
BRDA:376,87,0,1
BRDA:376,87,1,0
BRDA:377,88,0,1
BRDA:377,88,1,0
BRDA:378,89,0,1
BRDA:378,89,1,0
BRDA:381,90,0,1
BRDA:381,90,1,0
BRDA:383,91,0,1
BRDA:383,91,1,0
BRDA:386,92,0,1
BRDA:386,92,1,2
BRDA:391,93,0,1
BRDA:391,93,1,0
BRDA:392,94,0,1
BRDA:392,94,1,0
BRDA:396,95,0,1
BRDA:396,95,1,0
BRDA:398,96,0,1
BRDA:398,96,1,0
BRDA:401,97,0,1
BRDA:401,97,1,1
BRDA:406,98,0,1
BRDA:406,98,1,0
BRDA:407,99,0,1
BRDA:407,99,1,0
BRDA:411,100,0,1
BRDA:411,100,1,0
BRDA:413,101,0,1
BRDA:413,101,1,0
BRDA:416,102,0,1
BRDA:416,102,1,0
BRDA:421,103,0,1
BRDA:421,103,1,0
BRDA:422,104,0,1
BRDA:422,104,1,0
BRDA:426,105,0,1
BRDA:426,105,1,0
BRDA:428,106,0,1
BRDA:428,106,1,0
BRDA:440,107,0,1
BRDA:440,107,1,0
BRDA:441,108,0,1
BRDA:441,108,1,0
BRDA:442,109,0,1
BRDA:442,109,1,0
BRDA:443,110,0,1
BRDA:443,110,1,0
BRDA:445,111,0,1
BRDA:445,111,1,0
BRDA:453,112,0,12
BRDA:453,112,1,0
BRDA:454,113,0,12
BRDA:454,113,1,0
BRDA:458,114,0,1
BRDA:458,114,1,11
BRDA:461,115,0,1
BRDA:461,115,1,0
BRDA:462,116,0,1
BRDA:462,116,1,0
BRDA:463,117,0,1
BRDA:463,117,1,0
BRDA:469,118,0,1
BRDA:469,118,1,0
BRDA:471,119,0,1
BRDA:471,119,1,0
BRDA:474,120,0,1
BRDA:474,120,1,10
BRDA:478,121,0,1
BRDA:478,121,1,0
BRDA:479,122,0,1
BRDA:479,122,1,0
BRDA:485,123,0,1
BRDA:485,123,1,0
BRDA:488,124,0,1
BRDA:488,124,1,0
BRDA:492,125,0,1
BRDA:492,125,1,9
BRDA:495,126,0,1
BRDA:495,126,1,0
BRDA:496,127,0,1
BRDA:496,127,1,0
BRDA:502,128,0,1
BRDA:502,128,1,0
BRDA:505,129,0,1
BRDA:505,129,1,0
BRDA:507,130,0,1
BRDA:507,130,1,8
BRDA:510,131,0,1
BRDA:510,131,1,0
BRDA:511,132,0,1
BRDA:511,132,1,0
BRDA:517,133,0,1
BRDA:517,133,1,0
BRDA:520,134,0,1
BRDA:520,134,1,0
BRDA:523,135,0,1
BRDA:523,135,1,7
BRDA:526,136,0,1
BRDA:526,136,1,0
BRDA:527,137,0,1
BRDA:527,137,1,0
BRDA:533,138,0,1
BRDA:533,138,1,0
BRDA:536,139,0,1
BRDA:536,139,1,0
BRDA:538,140,0,1
BRDA:538,140,1,6
BRDA:541,141,0,1
BRDA:541,141,1,0
BRDA:542,142,0,1
BRDA:542,142,1,0
BRDA:548,143,0,1
BRDA:548,143,1,0
BRDA:551,144,0,1
BRDA:551,144,1,0
BRDA:553,145,0,1
BRDA:553,145,1,5
BRDA:556,146,0,1
BRDA:556,146,1,0
BRDA:557,147,0,1
BRDA:557,147,1,0
BRDA:563,148,0,1
BRDA:563,148,1,0
BRDA:566,149,0,1
BRDA:566,149,1,0
BRDA:568,150,0,1
BRDA:568,150,1,4
BRDA:571,151,0,1
BRDA:571,151,1,0
BRDA:572,152,0,1
BRDA:572,152,1,0
BRDA:578,153,0,1
BRDA:578,153,1,0
BRDA:581,154,0,1
BRDA:581,154,1,0
BRDA:584,155,0,1
BRDA:584,155,1,3
BRDA:587,156,0,1
BRDA:587,156,1,0
BRDA:588,157,0,1
BRDA:588,157,1,0
BRDA:594,158,0,1
BRDA:594,158,1,0
BRDA:597,159,0,1
BRDA:597,159,1,0
BRDA:599,160,0,3
BRDA:599,160,1,0
BRDA:602,161,0,1
BRDA:602,161,1,2
BRDA:603,162,0,1
BRDA:603,162,1,0
BRDA:609,163,0,1
BRDA:609,163,1,0
BRDA:612,164,0,1
BRDA:612,164,1,0
BRDA:622,165,0,1
BRDA:622,165,1,0
BRF:330
BRH:186
end_of_record
